2018-02-08 23:14:25 下午 [Thread: main][ Class:com.yao.douban.douban.parsers.move.MoveParser >> Method: com.yao.douban.douban.parsers.move.MoveParser.parser(MoveParser.java:26) ]
ERROR:java.lang.NoSuchMethodException: Unknown property 'rating' on class 'class com.yao.douban.douban.entity.move.ListMove'
net.sf.json.JSONException: java.lang.NoSuchMethodException: Unknown property 'rating' on class 'class com.yao.douban.douban.entity.move.ListMove'
	at net.sf.json.util.PropertySetStrategy$DefaultPropertySetStrategy._setProperty(PropertySetStrategy.java:69)
	at net.sf.json.util.PropertySetStrategy$DefaultPropertySetStrategy.setProperty(PropertySetStrategy.java:60)
	at net.sf.json.JSONObject.setProperty(JSONObject.java:1394)
	at net.sf.json.JSONObject.toBean(JSONObject.java:422)
	at net.sf.json.JSONArray.toCollection(JSONArray.java:444)
	at net.sf.json.JSONArray.toCollection(JSONArray.java:387)
	at com.yao.douban.douban.parsers.move.MoveParser.parser(MoveParser.java:23)
	at com.yao.douban.douban.parsers.move.MoveParserTest.parser(MoveParserTest.java:17)
	at sun.reflect.NativeMethodAccessorImpl.invoke0(Native Method)
	at sun.reflect.NativeMethodAccessorImpl.invoke(NativeMethodAccessorImpl.java:62)
	at sun.reflect.DelegatingMethodAccessorImpl.invoke(DelegatingMethodAccessorImpl.java:43)
	at java.lang.reflect.Method.invoke(Method.java:498)
	at org.junit.runners.model.FrameworkMethod$1.runReflectiveCall(FrameworkMethod.java:50)
	at org.junit.internal.runners.model.ReflectiveCallable.run(ReflectiveCallable.java:12)
	at org.junit.runners.model.FrameworkMethod.invokeExplosively(FrameworkMethod.java:47)
	at org.junit.internal.runners.statements.InvokeMethod.evaluate(InvokeMethod.java:17)
	at org.junit.runners.ParentRunner.runLeaf(ParentRunner.java:325)
	at org.junit.runners.BlockJUnit4ClassRunner.runChild(BlockJUnit4ClassRunner.java:78)
	at org.junit.runners.BlockJUnit4ClassRunner.runChild(BlockJUnit4ClassRunner.java:57)
	at org.junit.runners.ParentRunner$3.run(ParentRunner.java:290)
	at org.junit.runners.ParentRunner$1.schedule(ParentRunner.java:71)
	at org.junit.runners.ParentRunner.runChildren(ParentRunner.java:288)
	at org.junit.runners.ParentRunner.access$000(ParentRunner.java:58)
	at org.junit.runners.ParentRunner$2.evaluate(ParentRunner.java:268)
	at org.junit.runners.ParentRunner.run(ParentRunner.java:363)
	at org.junit.runner.JUnitCore.run(JUnitCore.java:137)
	at com.intellij.junit4.JUnit4IdeaTestRunner.startRunnerWithArgs(JUnit4IdeaTestRunner.java:119)
	at com.intellij.junit4.JUnit4IdeaTestRunner.startRunnerWithArgs(JUnit4IdeaTestRunner.java:42)
	at com.intellij.rt.execution.junit.JUnitStarter.prepareStreamsAndStart(JUnitStarter.java:234)
	at com.intellij.rt.execution.junit.JUnitStarter.main(JUnitStarter.java:74)
Caused by: java.lang.NoSuchMethodException: Unknown property 'rating' on class 'class com.yao.douban.douban.entity.move.ListMove'
	at org.apache.commons.beanutils.PropertyUtilsBean.setSimpleProperty(PropertyUtilsBean.java:2123)
	at org.apache.commons.beanutils.PropertyUtils.setSimpleProperty(PropertyUtils.java:890)
	at net.sf.json.util.PropertySetStrategy$DefaultPropertySetStrategy._setProperty(PropertySetStrategy.java:67)
	... 29 more
2018-02-08 23:15:05 下午 [Thread: main][ Class:com.yao.douban.douban.parsers.move.MoveParser >> Method: com.yao.douban.douban.parsers.move.MoveParser.parser(MoveParser.java:26) ]
ERROR:java.lang.IllegalArgumentException: Cannot invoke com.yao.douban.douban.entity.move.Move.setRating on bean class 'class com.yao.douban.douban.entity.move.Move' - argument type mismatch - had objects of type "[Ljava.lang.Double;" but expected signature "java.lang.Double"
net.sf.json.JSONException: java.lang.IllegalArgumentException: Cannot invoke com.yao.douban.douban.entity.move.Move.setRating on bean class 'class com.yao.douban.douban.entity.move.Move' - argument type mismatch - had objects of type "[Ljava.lang.Double;" but expected signature "java.lang.Double"
	at net.sf.json.util.PropertySetStrategy$DefaultPropertySetStrategy._setProperty(PropertySetStrategy.java:69)
	at net.sf.json.util.PropertySetStrategy$DefaultPropertySetStrategy.setProperty(PropertySetStrategy.java:60)
	at net.sf.json.JSONObject.setProperty(JSONObject.java:1394)
	at net.sf.json.JSONObject.toBean(JSONObject.java:353)
	at net.sf.json.JSONArray.toCollection(JSONArray.java:444)
	at net.sf.json.JSONArray.toCollection(JSONArray.java:387)
	at com.yao.douban.douban.parsers.move.MoveParser.parser(MoveParser.java:23)
	at com.yao.douban.douban.parsers.move.MoveParserTest.parser(MoveParserTest.java:17)
	at sun.reflect.NativeMethodAccessorImpl.invoke0(Native Method)
	at sun.reflect.NativeMethodAccessorImpl.invoke(NativeMethodAccessorImpl.java:62)
	at sun.reflect.DelegatingMethodAccessorImpl.invoke(DelegatingMethodAccessorImpl.java:43)
	at java.lang.reflect.Method.invoke(Method.java:498)
	at org.junit.runners.model.FrameworkMethod$1.runReflectiveCall(FrameworkMethod.java:50)
	at org.junit.internal.runners.model.ReflectiveCallable.run(ReflectiveCallable.java:12)
	at org.junit.runners.model.FrameworkMethod.invokeExplosively(FrameworkMethod.java:47)
	at org.junit.internal.runners.statements.InvokeMethod.evaluate(InvokeMethod.java:17)
	at org.junit.runners.ParentRunner.runLeaf(ParentRunner.java:325)
	at org.junit.runners.BlockJUnit4ClassRunner.runChild(BlockJUnit4ClassRunner.java:78)
	at org.junit.runners.BlockJUnit4ClassRunner.runChild(BlockJUnit4ClassRunner.java:57)
	at org.junit.runners.ParentRunner$3.run(ParentRunner.java:290)
	at org.junit.runners.ParentRunner$1.schedule(ParentRunner.java:71)
	at org.junit.runners.ParentRunner.runChildren(ParentRunner.java:288)
	at org.junit.runners.ParentRunner.access$000(ParentRunner.java:58)
	at org.junit.runners.ParentRunner$2.evaluate(ParentRunner.java:268)
	at org.junit.runners.ParentRunner.run(ParentRunner.java:363)
	at org.junit.runner.JUnitCore.run(JUnitCore.java:137)
	at com.intellij.junit4.JUnit4IdeaTestRunner.startRunnerWithArgs(JUnit4IdeaTestRunner.java:119)
	at com.intellij.junit4.JUnit4IdeaTestRunner.startRunnerWithArgs(JUnit4IdeaTestRunner.java:42)
	at com.intellij.rt.execution.junit.JUnitStarter.prepareStreamsAndStart(JUnitStarter.java:234)
	at com.intellij.rt.execution.junit.JUnitStarter.main(JUnitStarter.java:74)
Caused by: java.lang.IllegalArgumentException: Cannot invoke com.yao.douban.douban.entity.move.Move.setRating on bean class 'class com.yao.douban.douban.entity.move.Move' - argument type mismatch - had objects of type "[Ljava.lang.Double;" but expected signature "java.lang.Double"
	at org.apache.commons.beanutils.PropertyUtilsBean.invokeMethod(PropertyUtilsBean.java:2181)
	at org.apache.commons.beanutils.PropertyUtilsBean.setSimpleProperty(PropertyUtilsBean.java:2141)
	at org.apache.commons.beanutils.PropertyUtils.setSimpleProperty(PropertyUtils.java:890)
	at net.sf.json.util.PropertySetStrategy$DefaultPropertySetStrategy._setProperty(PropertySetStrategy.java:67)
	... 29 more
Caused by: java.lang.IllegalArgumentException: argument type mismatch
	at sun.reflect.NativeMethodAccessorImpl.invoke0(Native Method)
	at sun.reflect.NativeMethodAccessorImpl.invoke(NativeMethodAccessorImpl.java:62)
	at sun.reflect.DelegatingMethodAccessorImpl.invoke(DelegatingMethodAccessorImpl.java:43)
	at java.lang.reflect.Method.invoke(Method.java:498)
	at org.apache.commons.beanutils.PropertyUtilsBean.invokeMethod(PropertyUtilsBean.java:2155)
	... 32 more
